2026-02-03 23:36:52 - =========================================
2026-02-03 23:36:52 - Deployment Monitor Starting...
2026-02-03 23:36:52 - =========================================
2026-02-03 23:36:52 - Latest deployment: dpl_8LbxxJWGuyE1WYiJQ9QmcN2qes4M - Status: READY
2026-02-03 23:36:52 - [0;32m✓ Deployment successful![0m
2026-02-03 23:36:52 - Deploy URL: trend-watcher-oovzy0ym1-mrandersons-projects-fa6a5272.vercel.app
2026-02-03 23:37:18 - =========================================
2026-02-03 23:37:18 - Deployment Monitor Starting...
2026-02-03 23:37:18 - =========================================
2026-02-03 23:37:18 - Latest deployment: dpl_8LbxxJWGuyE1WYiJQ9QmcN2qes4M - Status: READY
2026-02-03 23:37:18 - [0;32m✓ Deployment successful![0m
2026-02-03 23:37:18 - Deploy URL: trend-watcher-oovzy0ym1-mrandersons-projects-fa6a5272.vercel.app
2026-02-03 23:37:18 - 📧 Email notification: ✅ Deployment Successful: trend-watcher-web
2026-02-03 23:37:18 - Body: Deployment completed successfully!

URL: https://trend-watcher-oovzy0ym1-mrandersons-projects-fa6a5272.vercel.app

Timestamp: Tue Feb  3 23:37:18 EST 2026
2026-02-03 23:40:01 - =========================================
2026-02-03 23:40:01 - =========================================
2026-02-03 23:40:01 - Deployment Monitor Starting...
2026-02-03 23:40:01 - Deployment Monitor Starting...
2026-02-03 23:40:01 - =========================================
2026-02-03 23:40:01 - =========================================
2026-02-03 23:40:01 - [0;31mNo deployments found[0m
2026-02-03 23:40:01 - [0;31mNo deployments found[0m
2026-02-04 00:10:01 - =========================================
2026-02-04 00:10:01 - =========================================
2026-02-04 00:10:01 - Deployment Monitor Starting...
2026-02-04 00:10:01 - Deployment Monitor Starting...
2026-02-04 00:10:01 - =========================================
2026-02-04 00:10:01 - =========================================
2026-02-04 00:10:02 - [0;31mNo deployments found[0m
2026-02-04 00:10:02 - [0;31mNo deployments found[0m
